Using pre-set license
Built from '2020.3/staging' branch; Version is '2020.3.0f1 (c7b5465681fb) revision 13088070'; Using compiler version '192528614'; Build Type 'Release'
OS: 'Windows 10 Pro; OS build 19045.4651; Version 2009; 64bit' Language: 'es' Physical Memory: 12245 MB
BatchMode: 1, IsHumanControllingUs: 0, StartBugReporterOnCrash: 0, Is64bit: 1, IsPro: 0

 COMMAND LINE ARGUMENTS:
C:\Program Files\Unity\Hub\Editor\2020.3.0f1\Editor\Unity.exe
-adb2
-batchMode
-noUpm
-name
AssetImportWorker0
-projectPath
C:/Users/Rubix/Documents/JuegosUnity/Rocket Points
-logFile
Logs/AssetImportWorker0.log
-srvPort
62383
Successfully changed project path to: C:/Users/Rubix/Documents/JuegosUnity/Rocket Points
C:/Users/Rubix/Documents/JuegosUnity/Rocket Points
Using Asset Import Pipeline V2.
Refreshing native plugins compatible for Editor in 63.39 ms, found 1 plugins.
Preloading 0 native plugins for Editor in 0.00 ms.
Initialize engine version: 2020.3.0f1 (c7b5465681fb)
[Subsystems] Discovering subsystems at path C:/Program Files/Unity/Hub/Editor/2020.3.0f1/Editor/Data/Resources/UnitySubsystems
[Subsystems] Discovering subsystems at path C:/Users/Rubix/Documents/JuegosUnity/Rocket Points/Assets
GfxDevice: creating device client; threaded=0
Direct3D:
    Version:  Direct3D 11.0 [level 11.1]
    Renderer: NVIDIA GeForce GTX 1650 (ID=0x1f82)
    Vendor:   
    VRAM:     3935 MB
    Driver:   32.0.15.6070
Initialize mono
Mono path[0] = 'C:/Program Files/Unity/Hub/Editor/2020.3.0f1/Editor/Data/Managed'
Mono path[1] = 'C:/Program Files/Unity/Hub/Editor/2020.3.0f1/Editor/Data/MonoBleedingEdge/lib/mono/unityjit'
Mono config path = 'C:/Program Files/Unity/Hub/Editor/2020.3.0f1/Editor/Data/MonoBleedingEdge/etc'
Using monoOptions --debugger-agent=transport=dt_socket,embedding=1,server=y,suspend=n,address=127.0.0.1:56248
Begin MonoManager ReloadAssembly
Registering precompiled unity dll's ...
Register platform support module: C:/Program Files/Unity/Hub/Editor/2020.3.0f1/Editor/Data/PlaybackEngines/WindowsStandaloneSupport/UnityEditor.WindowsStandalone.Extensions.dll
Registered in 0.005219 seconds.
Native extension for WindowsStandalone target not found
Refreshing native plugins compatible for Editor in 51.64 ms, found 1 plugins.
Preloading 0 native plugins for Editor in 0.00 ms.
Invoked RoslynAnalysisRunner static constructor.
RoslynAnalysisRunner will not be running.
RoslynAnalysisRunner has terminated.
Mono: successfully reloaded assembly
- Completed reload, in  2.001 seconds
Platform modules already initialized, skipping
Registering precompiled user dll's ...
Registered in 0.005811 seconds.
Begin MonoManager ReloadAssembly
Native extension for WindowsStandalone target not found
Refreshing native plugins compatible for Editor in 63.21 ms, found 1 plugins.
Preloading 0 native plugins for Editor in 0.00 ms.
Invoked RoslynAnalysisRunner static constructor.
RoslynAnalysisRunner will not be running.
RoslynAnalysisRunner has terminated.
Mono: successfully reloaded assembly
- Completed reload, in  1.450 seconds
Platform modules already initialized, skipping
========================================================================
Worker process is ready to serve import requests
Launched and connected shader compiler UnityShaderCompiler.exe after 0.06 seconds
Refreshing native plugins compatible for Editor in 1.02 ms, found 1 plugins.
Preloading 0 native plugins for Editor in 0.00 ms.
Unloading 1892 Unused Serialized files (Serialized files now loaded: 0)
System memory in use before: 87.1 MB.
System memory in use after: 57.5 MB.

Unloading 27 unused Assets to reduce memory usage. Loaded Objects now: 2333.
Total: 3.813900 ms (FindLiveObjects: 0.339900 ms CreateObjectMapping: 0.097000 ms MarkObjects: 3.185200 ms  DeleteObjects: 0.189900 ms)

========================================================================
Received Import Request.
  path: Assets/Samples/LootLocker/1.1.38/LootLocker Examples
  artifactKey: Guid(b4165488faab3cb4b9a87b9d9142450f) Importer(815301076,1909f56bfc062723c751e8b465ee728b)
Start importing Assets/Samples/LootLocker/1.1.38/LootLocker Examples using Guid(b4165488faab3cb4b9a87b9d9142450f) Importer(815301076,1909f56bfc062723c751e8b465ee728b)  -> (artifact id: '0b605e20a2618280de02671a63547024') in 0.014246 seconds
  Import took 0.018247 seconds .

========================================================================
Received Import Request.
  Time since last request: 0.012845 seconds.
  path: Assets/Samples/LootLocker/1.1.38/LootLocker Examples
  artifactKey: Guid(b4165488faab3cb4b9a87b9d9142450f) Importer(815301076,1909f56bfc062723c751e8b465ee728b)
Start importing Assets/Samples/LootLocker/1.1.38/LootLocker Examples using Guid(b4165488faab3cb4b9a87b9d9142450f) Importer(815301076,1909f56bfc062723c751e8b465ee728b)  -> (artifact id: '0b605e20a2618280de02671a63547024') in 0.003516 seconds
  Import took 0.007193 seconds .

========================================================================
Received Import Request.
  Time since last request: 7.028220 seconds.
  path: Assets/Samples/LootLocker/1.1.38
  artifactKey: Guid(cc8edbe51ec44dd4e92074b709dd8598) Importer(815301076,1909f56bfc062723c751e8b465ee728b)
Start importing Assets/Samples/LootLocker/1.1.38 using Guid(cc8edbe51ec44dd4e92074b709dd8598) Importer(815301076,1909f56bfc062723c751e8b465ee728b)  -> (artifact id: 'e689c7d6078d48b291d3a80fa420ba93') in 0.011545 seconds
  Import took 0.017872 seconds .

========================================================================
Received Import Request.
  Time since last request: 2.282767 seconds.
  path: Assets/Samples/LootLocker/1.1.38/LootLocker Examples/Scripts
  artifactKey: Guid(b20d8de48ba31854db42da7dd06d195c) Importer(815301076,1909f56bfc062723c751e8b465ee728b)
Start importing Assets/Samples/LootLocker/1.1.38/LootLocker Examples/Scripts using Guid(b20d8de48ba31854db42da7dd06d195c) Importer(815301076,1909f56bfc062723c751e8b465ee728b)  -> (artifact id: '6d4739f141a9723d4484482aab4fcaec') in 0.010259 seconds
  Import took 0.016207 seconds .

========================================================================
Received Import Request.
  Time since last request: 2.183510 seconds.
  path: Assets/Samples/LootLocker/1.1.38/LootLocker Examples/Scripts/PlayerNames.cs
  artifactKey: Guid(22e81b5ec3deb784d8209d17c03ea1c7) Importer(815301076,1909f56bfc062723c751e8b465ee728b)
Start importing Assets/Samples/LootLocker/1.1.38/LootLocker Examples/Scripts/PlayerNames.cs using Guid(22e81b5ec3deb784d8209d17c03ea1c7) Importer(815301076,1909f56bfc062723c751e8b465ee728b)  -> (artifact id: 'a06c929803e83b3d1d54d86bba34046d') in 0.060140 seconds
  Import took 0.064806 seconds .

========================================================================
Received Import Request.
  Time since last request: 1.322841 seconds.
  path: Assets/Samples/LootLocker/1.1.38/LootLocker Examples/Scripts/PlayerStorage.cs
  artifactKey: Guid(53eae6772619a8343b4cd7b3e2a1c1df) Importer(815301076,1909f56bfc062723c751e8b465ee728b)
Start importing Assets/Samples/LootLocker/1.1.38/LootLocker Examples/Scripts/PlayerStorage.cs using Guid(53eae6772619a8343b4cd7b3e2a1c1df) Importer(815301076,1909f56bfc062723c751e8b465ee728b)  -> (artifact id: '12ab7bf94526ff9096fdcc107fb0541c') in 0.010923 seconds
  Import took 0.017752 seconds .

========================================================================
Received Import Request.
  Time since last request: 1.533191 seconds.
  path: Assets/Samples/LootLocker/1.1.38/LootLocker Examples/Scripts/PlayerTypeLeaderboard.cs
  artifactKey: Guid(640de36b7f1ac134eb0726036bc79b11) Importer(815301076,1909f56bfc062723c751e8b465ee728b)
Start importing Assets/Samples/LootLocker/1.1.38/LootLocker Examples/Scripts/PlayerTypeLeaderboard.cs using Guid(640de36b7f1ac134eb0726036bc79b11) Importer(815301076,1909f56bfc062723c751e8b465ee728b)  -> (artifact id: 'ba41c92ccfa4dac651f14f1a1ad2dfff') in 0.012602 seconds
  Import took 0.016426 seconds .

========================================================================
Received Import Request.
  Time since last request: 2.711919 seconds.
  path: Assets/Samples/LootLocker/1.1.38/LootLocker Examples/Scripts/WhiteLabelLogin.cs
  artifactKey: Guid(c481b4aed6207f048bb40f485be12c0e) Importer(815301076,1909f56bfc062723c751e8b465ee728b)
Start importing Assets/Samples/LootLocker/1.1.38/LootLocker Examples/Scripts/WhiteLabelLogin.cs using Guid(c481b4aed6207f048bb40f485be12c0e) Importer(815301076,1909f56bfc062723c751e8b465ee728b)  -> (artifact id: '53e4c6e09406b29e67b0b89d1f46ad4e') in 0.010703 seconds
  Import took 0.017125 seconds .

========================================================================
Received Import Request.
  Time since last request: 2.149422 seconds.
  path: Assets/Samples/LootLocker/1.1.38/LootLocker Examples/Scripts/LootLockerSettingsOverrider.cs
  artifactKey: Guid(ab115fd39da4068469ff57fc52eb53f3) Importer(815301076,1909f56bfc062723c751e8b465ee728b)
Start importing Assets/Samples/LootLocker/1.1.38/LootLocker Examples/Scripts/LootLockerSettingsOverrider.cs using Guid(ab115fd39da4068469ff57fc52eb53f3) Importer(815301076,1909f56bfc062723c751e8b465ee728b)  -> (artifact id: '1cf59ee7b8ff0a57834b60b0b0bbee61') in 0.010770 seconds
  Import took 0.016440 seconds .

========================================================================
Received Import Request.
  Time since last request: 7.870285 seconds.
  path: Assets/Samples/LootLocker/1.1.38/LootLocker Examples/Scripts/GuestLoginUniqueIdentifier.cs
  artifactKey: Guid(c9276ea727c729a4a818ca9be90af021) Importer(815301076,1909f56bfc062723c751e8b465ee728b)
Start importing Assets/Samples/LootLocker/1.1.38/LootLocker Examples/Scripts/GuestLoginUniqueIdentifier.cs using Guid(c9276ea727c729a4a818ca9be90af021) Importer(815301076,1909f56bfc062723c751e8b465ee728b)  -> (artifact id: '9bf9b13a41079baa6b0aec575d5407b2') in 0.013107 seconds
  Import took 0.017432 seconds .

========================================================================
Received Import Request.
  Time since last request: 6.710028 seconds.
  path: Assets/Samples/LootLocker/1.1.38/LootLocker Examples/Scripts/GuestLoginLootLockerIdentifier.cs
  artifactKey: Guid(5a0b387a9b7d67340b1855c082d922ed) Importer(815301076,1909f56bfc062723c751e8b465ee728b)
Start importing Assets/Samples/LootLocker/1.1.38/LootLocker Examples/Scripts/GuestLoginLootLockerIdentifier.cs using Guid(5a0b387a9b7d67340b1855c082d922ed) Importer(815301076,1909f56bfc062723c751e8b465ee728b)  -> (artifact id: '0311d6240d23cf136f962a5019d7076f') in 0.012376 seconds
  Import took 0.019177 seconds .

========================================================================
Received Import Request.
  Time since last request: 0.000962 seconds.
  path: Assets/Samples/LootLocker/1.1.38/LootLocker Examples/Scripts/GuestLoginLootLockerIdentifier.cs
  artifactKey: Guid(5a0b387a9b7d67340b1855c082d922ed) Importer(815301076,1909f56bfc062723c751e8b465ee728b)
Start importing Assets/Samples/LootLocker/1.1.38/LootLocker Examples/Scripts/GuestLoginLootLockerIdentifier.cs using Guid(5a0b387a9b7d67340b1855c082d922ed) Importer(815301076,1909f56bfc062723c751e8b465ee728b)  -> (artifact id: '0311d6240d23cf136f962a5019d7076f') in 0.003528 seconds
  Import took 0.007458 seconds .

========================================================================
Received Import Request.
  Time since last request: 4.191824 seconds.
  path: Assets/Samples/LootLocker/1.1.38/LootLocker Examples/Scripts/FloatLeaderboard.cs
  artifactKey: Guid(82239edd97dd9d548ab4d0a35c4fff52) Importer(815301076,1909f56bfc062723c751e8b465ee728b)
Start importing Assets/Samples/LootLocker/1.1.38/LootLocker Examples/Scripts/FloatLeaderboard.cs using Guid(82239edd97dd9d548ab4d0a35c4fff52) Importer(815301076,1909f56bfc062723c751e8b465ee728b)  -> (artifact id: '7aad106b6404182d539dae4187a8b258') in 0.013039 seconds
  Import took 0.016751 seconds .

AssetImportWorkerClient::OnTransportError - code=2 error=End of file
